Arguments: 
  C:\Program Files\nodejs\node.exe C:\Users\DIEGO\AppData\Roaming\npm\node_modules\yarn\bin\yarn.js add @react-navigation/drawer

PATH: 
  C:\Program Files (x86)\VMware\VMware Player\bin\;C:\Program Files\Eclipse Adoptium\jdk-11.0.17.8-hotspot\bin;C:\Windows\system32;C:\Windows;C:\Windows\System32\Wbem;C:\Windows\System32\WindowsPowerShell\v1.0\;C:\Windows\System32\OpenSSH\;C:\Program Files\Git\cmd;C:\ProgramData\chocolatey\bin;C:\Program Files\nodejs\;C:\Program Files\dotnet\;C:\Users\DIEGO\AppData\Local\Microsoft\WindowsApps;C:\Users\DIEGO\AppData\Local\Programs\Hyper\resources\bin;C:\Users\DIEGO\AppData\Local\Android\Sdk\platform-tools;C:\Users\DIEGO\AppData\Roaming\npm;C:\Users\DIEGO\AppData\Local\Programs\Microsoft VS Code\bin;C:\Users\DIEGO\.dotnet\tools

Yarn version: 
  1.22.19

Node version: 
  14.21.2

Platform: 
  win32 x64

Trace: 
  Error: EPERM: operation not permitted, unlink 'C:\Users\DIEGO\Desktop\AwesomeProject\node_modules\@expo\package-manager\node_modules\.bin'

npm manifest: 
  {
    "name": "awesomeproject",
    "version": "1.0.0",
    "main": "node_modules/expo/AppEntry.js",
    "scripts": {
      "start": "expo start",
      "android": "expo start --android",
      "ios": "expo start --ios",
      "web": "expo start --web"
    },
    "dependencies": {
      "@react-navigation/drawer": "^6.5.7",
      "@react-navigation/native": "^6.1.2",
      "@react-navigation/native-stack": "^6.9.8",
      "expo": "~47.0.12",
      "expo-status-bar": "~1.4.2",
      "react": "18.1.0",
      "react-native": "0.70.5",
      "react-native-safe-area-context": "4.4.1",
      "react-native-screens": "~3.18.0",
      "react-native-gesture-handler": "~2.8.0",
      "react-native-reanimated": "~2.12.0"
    },
    "devDependencies": {
      "@babel/core": "^7.12.9"
    },
    "private": true
  }

yarn manifest: 
  No manifest

Lockfile: 
  No lockfile
